<?xml version="1.0" encoding="UTF-8"?>
<!-- Generated by org.testng.reporters.JUnitReportReporter -->
<testsuite skipped="0" hostname="LAPTOP-HL4REAJM" name="TestCases.Scenario3" tests="3" failures="0" timestamp="31 Oct 2020 05:27:45 GMT" time="3.818" errors="0">
  <testcase name="VerifyloancalculatorData" time="1.163" classname="TestCases.Scenario3"/>
  <testcase name="VerifyloancalculatorData" time="1.505" classname="TestCases.Scenario3"/>
  <testcase name="VerifyloancalculatorData" time="1.150" classname="TestCases.Scenario3"/>
</testsuite> <!-- TestCases.Scenario3 -->
