<?xml version="1.0" encoding="UTF-8"?>
<!-- Generated by org.testng.reporters.JUnitReportReporter -->
<testsuite skipped="0" hostname="LAPTOP-HL4REAJM" name="TestCases.Scenario2" tests="10" failures="0" timestamp="31 Oct 2020 05:27:45 GMT" time="21.369" errors="0">
  <testcase name="VerifyhomeloanemiData" time="2.135" classname="TestCases.Scenario2"/>
  <testcase name="VerifyhomeloanemiData" time="2.049" classname="TestCases.Scenario2"/>
  <testcase name="VerifyhomeloanemiData" time="1.979" classname="TestCases.Scenario2"/>
  <testcase name="VerifyhomeloanemiData" time="2.167" classname="TestCases.Scenario2"/>
  <testcase name="VerifyhomeloanemiData" time="2.256" classname="TestCases.Scenario2"/>
  <testcase name="VerifyhomeloanemiData" time="2.426" classname="TestCases.Scenario2"/>
  <testcase name="VerifyhomeloanemiData" time="2.080" classname="TestCases.Scenario2"/>
  <testcase name="VerifyhomeloanemiData" time="2.148" classname="TestCases.Scenario2"/>
  <testcase name="VerifyhomeloanemiData" time="2.011" classname="TestCases.Scenario2"/>
  <testcase name="VerifyhomeloanemiData" time="2.118" classname="TestCases.Scenario2"/>
</testsuite> <!-- TestCases.Scenario2 -->
