<?xml version="1.0" encoding="UTF-8"?>
<!-- Generated by org.testng.reporters.JUnitReportReporter -->
<testsuite skipped="0" hostname="LAPTOP-HL4REAJM" name="TestCases.Scenario1" tests="8" failures="0" timestamp="31 Oct 2020 05:27:45 GMT" time="10.942" errors="0">
  <testcase name="VerifycarloanData" time="1.068" classname="TestCases.Scenario1"/>
  <testcase name="VerifycarloanData" time="1.215" classname="TestCases.Scenario1"/>
  <testcase name="VerifycarloanData" time="1.077" classname="TestCases.Scenario1"/>
  <testcase name="VerifycarloanData" time="1.147" classname="TestCases.Scenario1"/>
  <testcase name="VerifycarloanData" time="1.531" classname="TestCases.Scenario1"/>
  <testcase name="VerifycarloanData" time="1.409" classname="TestCases.Scenario1"/>
  <testcase name="VerifycarloanData" time="1.631" classname="TestCases.Scenario1"/>
  <testcase name="VerifycarloanData" time="1.864" classname="TestCases.Scenario1"/>
</testsuite> <!-- TestCases.Scenario1 -->
